INFO  [2021-04-01 11:49:01,551] io.dropwizard.server.DefaultServerFactory: Registering jersey handler with root path prefix: /
INFO  [2021-04-01 11:49:01,556] io.dropwizard.server.DefaultServerFactory: Registering admin handler with root path prefix: /
DEBUG [2021-04-01 11:49:01,556] com.dropwizardlogging.DLogApplication: debugging
INFO  [2021-04-01 11:49:01,558] com.dropwizardlogging.DLogApplication: information
ERROR [2021-04-01 11:49:01,558] com.dropwizardlogging.DLogApplication: no error
INFO  [2021-04-01 11:49:01,563] io.dropwizard.server.ServerFactory: Starting DLog
================================================================================

                              DLog

================================================================================

INFO  [2021-04-01 11:49:01,728] org.eclipse.jetty.setuid.SetUIDListener: Opened application@7275c74b{HTTP/1.1, (http/1.1)}{0.0.0.0:8080}
INFO  [2021-04-01 11:49:01,730] org.eclipse.jetty.setuid.SetUIDListener: Opened admin@19058533{HTTP/1.1, (http/1.1)}{0.0.0.0:8081}
INFO  [2021-04-01 11:49:01,734] org.eclipse.jetty.server.Server: jetty-9.4.37.v20210219; built: 2021-02-19T15:16:47.689Z; git: 27afab2bd37780d179836e313e0fe11bc4fa0ce9; jvm 14.0.2+12-46
INFO  [2021-04-01 11:49:02,333] io.dropwizard.jersey.DropwizardResourceConfig: The following paths were found for the configured resources:

    NONE

INFO  [2021-04-01 11:49:02,335] org.eclipse.jetty.server.handler.ContextHandler: Started i.d.j.MutableServletContextHandler@6e03db1f{/,null,AVAILABLE}
INFO  [2021-04-01 11:49:02,339] io.dropwizard.setup.AdminEnvironment: tasks = 

    POST    /tasks/log-level (io.dropwizard.servlets.tasks.LogConfigurationTask)
    POST    /tasks/gc (io.dropwizard.servlets.tasks.GarbageCollectionTask)

WARN  [2021-04-01 11:49:02,339] io.dropwizard.setup.AdminEnvironment: 
!!!!!!!!!!!!!!!!!!!!!!!!!!!!!!!!!!!!!!!!!!!!!!!!!!!!!!!!!!!!!!!!!!!!!!!!!!!!!!!!
!!!!!!!!!!!!!!!!!!!!!!!!!!!!!!!!!!!!!!!!!!!!!!!!!!!!!!!!!!!!!!!!!!!!!!!!!!!!!!!!
!    THIS APPLICATION HAS NO HEALTHCHECKS. THIS MEANS YOU WILL NEVER KNOW      !
!     IF IT DIES IN PRODUCTION, WHICH MEANS YOU WILL NEVER KNOW IF YOU'RE      !
!    LETTING YOUR USERS DOWN. YOU SHOULD ADD A HEALTHCHECK FOR EACH OF YOUR    !
!         APPLICATION'S DEPENDENCIES WHICH FULLY (BUT LIGHTLY) TESTS IT.       !
!!!!!!!!!!!!!!!!!!!!!!!!!!!!!!!!!!!!!!!!!!!!!!!!!!!!!!!!!!!!!!!!!!!!!!!!!!!!!!!!
!!!!!!!!!!!!!!!!!!!!!!!!!!!!!!!!!!!!!!!!!!!!!!!!!!!!!!!!!!!!!!!!!!!!!!!!!!!!!!!!
INFO  [2021-04-01 11:49:02,340] org.eclipse.jetty.server.handler.ContextHandler: Started i.d.j.MutableServletContextHandler@fb49fdf{/,null,AVAILABLE}
INFO  [2021-04-01 11:49:02,424] org.eclipse.jetty.server.AbstractConnector: Started application@7275c74b{HTTP/1.1, (http/1.1)}{0.0.0.0:8080}
INFO  [2021-04-01 11:49:02,431] org.eclipse.jetty.server.AbstractConnector: Started admin@19058533{HTTP/1.1, (http/1.1)}{0.0.0.0:8081}
INFO  [2021-04-01 11:49:02,432] org.eclipse.jetty.server.Server: Started @2832ms
INFO  [2021-04-01 11:49:51,456] io.dropwizard.server.DefaultServerFactory: Registering jersey handler with root path prefix: /
INFO  [2021-04-01 11:49:51,461] io.dropwizard.server.DefaultServerFactory: Registering admin handler with root path prefix: /
DEBUG [2021-04-01 11:49:51,462] com.dropwizardlogging.DLogApplication: debugging
INFO  [2021-04-01 11:49:51,462] com.dropwizardlogging.DLogApplication: information
ERROR [2021-04-01 11:49:51,462] com.dropwizardlogging.DLogApplication: no error
INFO  [2021-04-01 11:49:51,464] io.dropwizard.server.ServerFactory: Starting DLog
================================================================================

                              DLog

================================================================================

INFO  [2021-04-01 11:49:51,601] org.eclipse.jetty.setuid.SetUIDListener: Opened application@756b58a7{HTTP/1.1, (http/1.1)}{0.0.0.0:8080}
INFO  [2021-04-01 11:49:51,603] org.eclipse.jetty.setuid.SetUIDListener: Opened admin@2cc04358{HTTP/1.1, (http/1.1)}{0.0.0.0:8081}
INFO  [2021-04-01 11:49:51,609] org.eclipse.jetty.server.Server: jetty-9.4.37.v20210219; built: 2021-02-19T15:16:47.689Z; git: 27afab2bd37780d179836e313e0fe11bc4fa0ce9; jvm 14.0.2+12-46
INFO  [2021-04-01 11:49:52,128] io.dropwizard.jersey.DropwizardResourceConfig: The following paths were found for the configured resources:

    NONE

INFO  [2021-04-01 11:49:52,129] org.eclipse.jetty.server.handler.ContextHandler: Started i.d.j.MutableServletContextHandler@3472947a{/,null,AVAILABLE}
INFO  [2021-04-01 11:49:52,137] io.dropwizard.setup.AdminEnvironment: tasks = 

    POST    /tasks/log-level (io.dropwizard.servlets.tasks.LogConfigurationTask)
    POST    /tasks/gc (io.dropwizard.servlets.tasks.GarbageCollectionTask)

WARN  [2021-04-01 11:49:52,137] io.dropwizard.setup.AdminEnvironment: 
!!!!!!!!!!!!!!!!!!!!!!!!!!!!!!!!!!!!!!!!!!!!!!!!!!!!!!!!!!!!!!!!!!!!!!!!!!!!!!!!
!!!!!!!!!!!!!!!!!!!!!!!!!!!!!!!!!!!!!!!!!!!!!!!!!!!!!!!!!!!!!!!!!!!!!!!!!!!!!!!!
!    THIS APPLICATION HAS NO HEALTHCHECKS. THIS MEANS YOU WILL NEVER KNOW      !
!     IF IT DIES IN PRODUCTION, WHICH MEANS YOU WILL NEVER KNOW IF YOU'RE      !
!    LETTING YOUR USERS DOWN. YOU SHOULD ADD A HEALTHCHECK FOR EACH OF YOUR    !
!         APPLICATION'S DEPENDENCIES WHICH FULLY (BUT LIGHTLY) TESTS IT.       !
!!!!!!!!!!!!!!!!!!!!!!!!!!!!!!!!!!!!!!!!!!!!!!!!!!!!!!!!!!!!!!!!!!!!!!!!!!!!!!!!
!!!!!!!!!!!!!!!!!!!!!!!!!!!!!!!!!!!!!!!!!!!!!!!!!!!!!!!!!!!!!!!!!!!!!!!!!!!!!!!!
INFO  [2021-04-01 11:49:52,138] org.eclipse.jetty.server.handler.ContextHandler: Started i.d.j.MutableServletContextHandler@60e3c26e{/,null,AVAILABLE}
INFO  [2021-04-01 11:49:52,222] org.eclipse.jetty.server.AbstractConnector: Started application@756b58a7{HTTP/1.1, (http/1.1)}{0.0.0.0:8080}
INFO  [2021-04-01 11:49:52,230] org.eclipse.jetty.server.AbstractConnector: Started admin@2cc04358{HTTP/1.1, (http/1.1)}{0.0.0.0:8081}
INFO  [2021-04-01 11:49:52,231] org.eclipse.jetty.server.Server: Started @2742ms
INFO  [2021-04-01 11:53:42,151] io.dropwizard.server.DefaultServerFactory: Registering jersey handler with root path prefix: /
INFO  [2021-04-01 11:53:42,157] io.dropwizard.server.DefaultServerFactory: Registering admin handler with root path prefix: /
DEBUG [2021-04-01 11:53:42,158] com.dropwizardlogging.DLogApplication: debugging
INFO  [2021-04-01 11:53:42,158] com.dropwizardlogging.DLogApplication: information
ERROR [2021-04-01 11:53:42,158] com.dropwizardlogging.DLogApplication: no error
INFO  [2021-04-01 11:53:42,161] io.dropwizard.server.ServerFactory: Starting DLog
================================================================================

                              DLog

================================================================================

INFO  [2021-04-01 11:53:42,349] org.eclipse.jetty.setuid.SetUIDListener: Opened application@756b58a7{HTTP/1.1, (http/1.1)}{0.0.0.0:8080}
INFO  [2021-04-01 11:53:42,351] org.eclipse.jetty.setuid.SetUIDListener: Opened admin@2cc04358{HTTP/1.1, (http/1.1)}{0.0.0.0:8081}
INFO  [2021-04-01 11:53:42,357] org.eclipse.jetty.server.Server: jetty-9.4.37.v20210219; built: 2021-02-19T15:16:47.689Z; git: 27afab2bd37780d179836e313e0fe11bc4fa0ce9; jvm 14.0.2+12-46
INFO  [2021-04-01 11:53:43,081] io.dropwizard.jersey.DropwizardResourceConfig: The following paths were found for the configured resources:

    NONE

INFO  [2021-04-01 11:53:43,084] org.eclipse.jetty.server.handler.ContextHandler: Started i.d.j.MutableServletContextHandler@3472947a{/,null,AVAILABLE}
INFO  [2021-04-01 11:53:43,089] io.dropwizard.setup.AdminEnvironment: tasks = 

    POST    /tasks/log-level (io.dropwizard.servlets.tasks.LogConfigurationTask)
    POST    /tasks/gc (io.dropwizard.servlets.tasks.GarbageCollectionTask)

WARN  [2021-04-01 11:53:43,090] io.dropwizard.setup.AdminEnvironment: 
!!!!!!!!!!!!!!!!!!!!!!!!!!!!!!!!!!!!!!!!!!!!!!!!!!!!!!!!!!!!!!!!!!!!!!!!!!!!!!!!
!!!!!!!!!!!!!!!!!!!!!!!!!!!!!!!!!!!!!!!!!!!!!!!!!!!!!!!!!!!!!!!!!!!!!!!!!!!!!!!!
!    THIS APPLICATION HAS NO HEALTHCHECKS. THIS MEANS YOU WILL NEVER KNOW      !
!     IF IT DIES IN PRODUCTION, WHICH MEANS YOU WILL NEVER KNOW IF YOU'RE      !
!    LETTING YOUR USERS DOWN. YOU SHOULD ADD A HEALTHCHECK FOR EACH OF YOUR    !
!         APPLICATION'S DEPENDENCIES WHICH FULLY (BUT LIGHTLY) TESTS IT.       !
!!!!!!!!!!!!!!!!!!!!!!!!!!!!!!!!!!!!!!!!!!!!!!!!!!!!!!!!!!!!!!!!!!!!!!!!!!!!!!!!
!!!!!!!!!!!!!!!!!!!!!!!!!!!!!!!!!!!!!!!!!!!!!!!!!!!!!!!!!!!!!!!!!!!!!!!!!!!!!!!!
INFO  [2021-04-01 11:53:43,090] org.eclipse.jetty.server.handler.ContextHandler: Started i.d.j.MutableServletContextHandler@60e3c26e{/,null,AVAILABLE}
INFO  [2021-04-01 11:53:43,167] org.eclipse.jetty.server.AbstractConnector: Started application@756b58a7{HTTP/1.1, (http/1.1)}{0.0.0.0:8080}
INFO  [2021-04-01 11:53:43,174] org.eclipse.jetty.server.AbstractConnector: Started admin@2cc04358{HTTP/1.1, (http/1.1)}{0.0.0.0:8081}
INFO  [2021-04-01 11:53:43,174] org.eclipse.jetty.server.Server: Started @3434ms
INFO  [2021-04-01 12:14:31,682] io.dropwizard.server.DefaultServerFactory: Registering jersey handler with root path prefix: /
INFO  [2021-04-01 12:14:31,688] io.dropwizard.server.DefaultServerFactory: Registering admin handler with root path prefix: /
DEBUG [2021-04-01 12:14:31,688] com.dropwizardlogging.DLogApplication: debugging
INFO  [2021-04-01 12:14:31,689] com.dropwizardlogging.DLogApplication: information
ERROR [2021-04-01 12:14:31,689] com.dropwizardlogging.DLogApplication: no error
INFO  [2021-04-01 12:14:31,691] io.dropwizard.server.ServerFactory: Starting DLog
================================================================================

                              DLog

================================================================================

INFO  [2021-04-01 12:14:31,814] org.eclipse.jetty.setuid.SetUIDListener: Opened application@756b58a7{HTTP/1.1, (http/1.1)}{0.0.0.0:8080}
INFO  [2021-04-01 12:14:31,814] org.eclipse.jetty.setuid.SetUIDListener: Opened admin@2cc04358{HTTP/1.1, (http/1.1)}{0.0.0.0:8081}
INFO  [2021-04-01 12:14:31,818] org.eclipse.jetty.server.Server: jetty-9.4.37.v20210219; built: 2021-02-19T15:16:47.689Z; git: 27afab2bd37780d179836e313e0fe11bc4fa0ce9; jvm 14.0.2+12-46
INFO  [2021-04-01 12:14:32,338] io.dropwizard.jersey.DropwizardResourceConfig: The following paths were found for the configured resources:

    NONE

INFO  [2021-04-01 12:14:32,340] org.eclipse.jetty.server.handler.ContextHandler: Started i.d.j.MutableServletContextHandler@3472947a{/,null,AVAILABLE}
INFO  [2021-04-01 12:14:32,344] io.dropwizard.setup.AdminEnvironment: tasks = 

    POST    /tasks/log-level (io.dropwizard.servlets.tasks.LogConfigurationTask)
    POST    /tasks/gc (io.dropwizard.servlets.tasks.GarbageCollectionTask)

WARN  [2021-04-01 12:14:32,345] io.dropwizard.setup.AdminEnvironment: 
!!!!!!!!!!!!!!!!!!!!!!!!!!!!!!!!!!!!!!!!!!!!!!!!!!!!!!!!!!!!!!!!!!!!!!!!!!!!!!!!
!!!!!!!!!!!!!!!!!!!!!!!!!!!!!!!!!!!!!!!!!!!!!!!!!!!!!!!!!!!!!!!!!!!!!!!!!!!!!!!!
!    THIS APPLICATION HAS NO HEALTHCHECKS. THIS MEANS YOU WILL NEVER KNOW      !
!     IF IT DIES IN PRODUCTION, WHICH MEANS YOU WILL NEVER KNOW IF YOU'RE      !
!    LETTING YOUR USERS DOWN. YOU SHOULD ADD A HEALTHCHECK FOR EACH OF YOUR    !
!         APPLICATION'S DEPENDENCIES WHICH FULLY (BUT LIGHTLY) TESTS IT.       !
!!!!!!!!!!!!!!!!!!!!!!!!!!!!!!!!!!!!!!!!!!!!!!!!!!!!!!!!!!!!!!!!!!!!!!!!!!!!!!!!
!!!!!!!!!!!!!!!!!!!!!!!!!!!!!!!!!!!!!!!!!!!!!!!!!!!!!!!!!!!!!!!!!!!!!!!!!!!!!!!!
INFO  [2021-04-01 12:14:32,345] org.eclipse.jetty.server.handler.ContextHandler: Started i.d.j.MutableServletContextHandler@60e3c26e{/,null,AVAILABLE}
INFO  [2021-04-01 12:14:32,424] org.eclipse.jetty.server.AbstractConnector: Started application@756b58a7{HTTP/1.1, (http/1.1)}{0.0.0.0:8080}
INFO  [2021-04-01 12:14:32,434] org.eclipse.jetty.server.AbstractConnector: Started admin@2cc04358{HTTP/1.1, (http/1.1)}{0.0.0.0:8081}
INFO  [2021-04-01 12:14:32,434] org.eclipse.jetty.server.Server: Started @2946ms
